<?xml version="1.0" encoding="UTF-8"?>
<testsuite name="org.example.AppTest" tests="1" skipped="0" failures="0" errors="0" timestamp="2025-05-24T16:41:16.635Z" hostname="suminui-MacBookPro.local" time="0.026">
  <properties/>
  <testcase name="appHasAGreeting()" classname="org.example.AppTest" time="0.026"/>
  <system-out><![CDATA[]]></system-out>
  <system-err><![CDATA[]]></system-err>
</testsuite>
